<?xml version="1.0" encoding="UTF-8"?>
<testng-results ignored="0" total="0" passed="0" failed="0" skipped="0">
  <reporter-output>
  </reporter-output>
  <suite started-at="2021-06-14T17:31:36Z" name="Command line suite" finished-at="2021-06-14T17:31:36Z" duration-ms="153">
    <groups>
      <group name="cucumber">
        <method signature="AbstractTestNGCucumberTests.runScenario(cucumber.api.testng.PickleEventWrapper, cucumber.api.testng.CucumberFeatureWrapper)[pri:0, instance:Cucumber.Options.TestRunner@69379752]" name="runScenario" class="cucumber.api.testng.AbstractTestNGCucumberTests"/>
      </group> <!-- cucumber -->
    </groups>
    <test started-at="2021-06-14T17:31:36Z" name="Command line test" finished-at="2021-06-14T17:31:36Z" duration-ms="153">
      <class name="Cucumber.Options.TestRunner">
        <test-method is-config="true" signature="setUpClass()[pri:0, instance:Cucumber.Options.TestRunner@69379752]" started-at="2021-06-14T17:31:36Z" name="setUpClass" finished-at="2021-06-14T17:31:36Z" duration-ms="106" status="PASS">
          <reporter-output>
          </reporter-output>
        </test-method> <!-- setUpClass -->
        <test-method is-config="true" signature="tearDownClass()[pri:0, instance:Cucumber.Options.TestRunner@69379752]" started-at="2021-06-14T17:31:36Z" name="tearDownClass" finished-at="2021-06-14T17:31:36Z" duration-ms="2" status="PASS">
          <reporter-output>
          </reporter-output>
        </test-method> <!-- tearDownClass -->
      </class> <!-- Cucumber.Options.TestRunner -->
    </test> <!-- Command line test -->
  </suite> <!-- Command line suite -->
</testng-results>
