<?xml version="1.0" encoding="UTF-8"?>
<testng-results ignored="0" total="1" passed="1" failed="0" skipped="0">
  <reporter-output>
  </reporter-output>
  <suite started-at="2021-06-14T23:21:26 IST" name="Default suite" finished-at="2021-06-14T23:22:19 IST" duration-ms="53148">
    <groups>
      <group name="cucumber">
        <method signature="AbstractTestNGCucumberTests.runScenario(io.cucumber.testng.PickleEventWrapper, io.cucumber.testng.CucumberFeatureWrapper)[pri:0, instance:Cucumber.Options.TestRunner@179ece50]" name="runScenario" class="io.cucumber.testng.AbstractTestNGCucumberTests"/>
      </group> <!-- cucumber -->
    </groups>
    <test started-at="2021-06-14T23:21:26 IST" name="Default test" finished-at="2021-06-14T23:22:19 IST" duration-ms="53148">
      <class name="Cucumber.Options.TestRunner">
        <test-method is-config="true" signature="setUpClass()[pri:0, instance:Cucumber.Options.TestRunner@179ece50]" started-at="2021-06-14T23:21:26 IST" name="setUpClass" finished-at="2021-06-14T23:21:26 IST" duration-ms="74" status="PASS">
          <reporter-output>
          </reporter-output>
        </test-method> <!-- setUpClass -->
        <test-method signature="runScenario(io.cucumber.testng.PickleEventWrapper, io.cucumber.testng.CucumberFeatureWrapper)[pri:0, instance:Cucumber.Options.TestRunner@179ece50]" started-at="2021-06-14T23:21:26 IST" name="runScenario" description="Runs Cucumber Scenarios" data-provider="scenarios" finished-at="2021-06-14T23:22:19 IST" duration-ms="52938" status="PASS">
          <params>
            <param index="0">
              <value>
                <![CDATA["Fetch flight details"]]>
              </value>
            </param>
            <param index="1">
              <value>
                <![CDATA["Validating Place"]]>
              </value>
            </param>
          </params>
          <reporter-output>
          </reporter-output>
        </test-method> <!-- runScenario -->
        <test-method is-config="true" signature="tearDownClass()[pri:0, instance:Cucumber.Options.TestRunner@179ece50]" started-at="2021-06-14T23:22:19 IST" name="tearDownClass" finished-at="2021-06-14T23:22:19 IST" duration-ms="51" status="PASS">
          <reporter-output>
          </reporter-output>
        </test-method> <!-- tearDownClass -->
      </class> <!-- Cucumber.Options.TestRunner -->
    </test> <!-- Default test -->
  </suite> <!-- Default suite -->
</testng-results>
